<?xml version="1.0" encoding="UTF-8"?>
<!-- Generated by org.testng.reporters.JUnitReportReporter -->
<testsuite hostname="Chethan" failures="0" tests="3" name="contactTest.CreateContactTest" time="0.009" errors="0" timestamp="21 Sep 2021 17:53:18 GMT" skipped="0">
  <testcase classname="contactTest.CreateContactTest" name="createContactTest" time="0.008"/>
  <testcase classname="contactTest.CreateContactTest" name="deleteContact" time="0.000"/>
  <testcase classname="contactTest.CreateContactTest" name="createContactwithOrg" time="0.001"/>
</testsuite> <!-- contactTest.CreateContactTest -->
